E:\CODE\WINDOWS-PRISON\BIN\UHURU.PRISON.CREATEPROCESSDELEGATE.BSC
E:\CODE\WINDOWS-PRISON\SRC\UHURU.PRISON.CREATEPROCESSDELEGATE\DEBUG\MAIN.OBJ
E:\CODE\WINDOWS-PRISON\SRC\UHURU.PRISON.CREATEPROCESSDELEGATE\DEBUG\VC110.PDB
E:\CODE\WINDOWS-PRISON\SRC\UHURU.PRISON.CREATEPROCESSDELEGATE\DEBUG\MAIN.SBR
E:\CODE\WINDOWS-PRISON\BIN\UHURU.PRISON.CREATEPROCESSDELEGATE.ILK
E:\CODE\WINDOWS-PRISON\BIN\UHURU.PRISON.CREATEPROCESSDELEGATE.EXE
E:\CODE\WINDOWS-PRISON\BIN\UHURU.PRISON.CREATEPROCESSDELEGATE.PDB
E:\Code\windows-prison\src\Uhuru.Prison.CreateProcessDelegate\Debug\main.obj
E:\Code\windows-prison\src\Uhuru.Prison.CreateProcessDelegate\Debug\BscMake.command.1.tlog
E:\Code\windows-prison\src\Uhuru.Prison.CreateProcessDelegate\Debug\bscmake.read.1.tlog
E:\Code\windows-prison\src\Uhuru.Prison.CreateProcessDelegate\Debug\BscMake.write.1.tlog
E:\Code\windows-prison\src\Uhuru.Prison.CreateProcessDelegate\Debug\cl.command.1.tlog
E:\Code\windows-prison\src\Uhuru.Prison.CreateProcessDelegate\Debug\CL.read.1.tlog
E:\Code\windows-prison\src\Uhuru.Prison.CreateProcessDelegate\Debug\CL.write.1.tlog
E:\Code\windows-prison\src\Uhuru.Prison.CreateProcessDelegate\Debug\link-cvtres.read.1.tlog
E:\Code\windows-prison\src\Uhuru.Prison.CreateProcessDelegate\Debug\link-cvtres.write.1.tlog
E:\Code\windows-prison\src\Uhuru.Prison.CreateProcessDelegate\Debug\link-rc.read.1.tlog
E:\Code\windows-prison\src\Uhuru.Prison.CreateProcessDelegate\Debug\link-rc.write.1.tlog
E:\Code\windows-prison\src\Uhuru.Prison.CreateProcessDelegate\Debug\link.7832-cvtres.read.1.tlog
E:\Code\windows-prison\src\Uhuru.Prison.CreateProcessDelegate\Debug\link.7832-cvtres.write.1.tlog
E:\Code\windows-prison\src\Uhuru.Prison.CreateProcessDelegate\Debug\link.7832-rc.read.1.tlog
E:\Code\windows-prison\src\Uhuru.Prison.CreateProcessDelegate\Debug\link.7832-rc.write.1.tlog
E:\Code\windows-prison\src\Uhuru.Prison.CreateProcessDelegate\Debug\link.7832.read.1.tlog
E:\Code\windows-prison\src\Uhuru.Prison.CreateProcessDelegate\Debug\link.7832.write.1.tlog
E:\Code\windows-prison\src\Uhuru.Prison.CreateProcessDelegate\Debug\link.command.1.tlog
E:\Code\windows-prison\src\Uhuru.Prison.CreateProcessDelegate\Debug\link.read.1.tlog
E:\Code\windows-prison\src\Uhuru.Prison.CreateProcessDelegate\Debug\link.write.1.tlog
E:\Code\windows-prison\src\Uhuru.Prison.CreateProcessDelegate\Debug\vc110.idb
E:\Code\windows-prison\src\Uhuru.Prison.CreateProcessDelegate\Debug\vc110.pdb
E:\Code\windows-prison\src\Uhuru.Prison.CreateProcessDelegate\Debug\main.sbr
E:\Code\windows-prison\src\\..\bin\Uhuru.Prison.CreateProcessDelegate.pdb
E:\Code\windows-prison\src\\..\bin\Uhuru.Prison.CreateProcessDelegate.exe
E:\Code\windows-prison\src\\..\bin\Uhuru.Prison.CreateProcessDelegate.bsc
E:\Code\windows-prison\src\\..\bin\Uhuru.Prison.CreateProcessDelegate.ilk
